<?xml version="1.0" encoding="UTF-8"?>
<!-- Generated by org.testng.reporters.JUnitReportReporter -->
<testsuite skipped="0" hostname="DESKTOP-VNOG7NT" name="TestRunner" tests="2" failures="0" timestamp="2022-03-03T18:54:50 EST" time="9.729" errors="0">
  <testcase name="runScenario" time="5.756" classname="TestRunner"/>
  <system-out/>
  <testcase name="runScenario" time="3.973" classname="TestRunner"/>
  <system-out/>
</testsuite> <!-- TestRunner -->
