<?xml version="1.0" encoding="UTF-8"?>
<!-- Generated by org.testng.reporters.JUnitReportReporter -->
<testsuite hostname="Hassans-MBP" failures="1" tests="1" name="TestRunner" time="6.198" errors="0" timestamp="2022-02-27T10:50:30 EST" skipped="0">
  <testcase classname="TestRunner" name="runScenario" time="6.198">
    <failure message="expected [Welcome to TalentTech] but found [Welcome to TalentTek]" type="java.lang.AssertionError">
      <![CDATA[java.lang.AssertionError: expected [Welcome to TalentTech] but found [Welcome to TalentTek]
at org.testng.Assert.fail(Assert.java:99)
at org.testng.Assert.failNotEquals(Assert.java:1037)
at org.testng.Assert.assertEqualsImpl(Assert.java:140)
at org.testng.Assert.assertEquals(Assert.java:122)
at org.testng.Assert.assertEquals(Assert.java:629)
at org.testng.Assert.assertEquals(Assert.java:639)
at pageObject.profilePage.verifyWelcomeTextInProfilePage(profilePage.java:24)
at stepDef.profileStep.iShouldBeAbleToSuccessfullyLogin(profileStep.java:17)
at âœ½.I should be able to successfully login(file:///Users/hbhuiyan/Documents/TalentTEK/git/cucumberBDD2022/src/test/java/features/login.feature:9)
]]>
    </failure>
  </testcase> <!-- runScenario -->
  <system-out/>
</testsuite> <!-- TestRunner -->
